<?xml version="1.0" encoding="UTF-8"?>
<testng-results ignored="0" total="16" passed="14" failed="1" skipped="1">
  <reporter-output>
  </reporter-output>
  <suite started-at="2023-01-28T11:13:11 IST" name="Application Automation Suite" finished-at="2023-01-28T11:14:51 IST" duration-ms="99408">
    <groups>
    </groups>
    <test started-at="2023-01-28T11:13:11 IST" name="Regression TestCases" finished-at="2023-01-28T11:14:51 IST" duration-ms="99408">
      <class name="com.amitlearning.testcases.T2_RegisterTest">
        <test-method is-config="true" signature="setup()[pri:0, instance:com.amitlearning.testcases.T2_RegisterTest@3bb9a3ff]" started-at="2023-01-28T11:13:11 IST" name="setup" finished-at="2023-01-28T11:13:18 IST" duration-ms="6344" status="PASS">
          <reporter-output>
          </reporter-output>
        </test-method> <!-- setup -->
        <test-method signature="verifyRegisteringAnAccountWithMandatoryFields()[pri:1, instance:com.amitlearning.testcases.T2_RegisterTest@3bb9a3ff]" started-at="2023-01-28T11:13:18 IST" name="verifyRegisteringAnAccountWithMandatoryFields" finished-at="2023-01-28T11:13:19 IST" duration-ms="915" status="PASS">
          <reporter-output>
          </reporter-output>
        </test-method> <!-- verifyRegisteringAnAccountWithMandatoryFields -->
        <test-method is-config="true" signature="tearDown()[pri:0, instance:com.amitlearning.testcases.T2_RegisterTest@3bb9a3ff]" started-at="2023-01-28T11:13:19 IST" name="tearDown" finished-at="2023-01-28T11:13:19 IST" duration-ms="187" status="PASS">
          <reporter-output>
          </reporter-output>
        </test-method> <!-- tearDown -->
        <test-method is-config="true" signature="setup()[pri:0, instance:com.amitlearning.testcases.T2_RegisterTest@3bb9a3ff]" started-at="2023-01-28T11:13:19 IST" name="setup" finished-at="2023-01-28T11:13:25 IST" duration-ms="5669" status="PASS">
          <reporter-output>
          </reporter-output>
        </test-method> <!-- setup -->
        <test-method signature="verifyRegisteringAccountByProvidingAllFields()[pri:2, instance:com.amitlearning.testcases.T2_RegisterTest@3bb9a3ff]" started-at="2023-01-28T11:13:25 IST" name="verifyRegisteringAccountByProvidingAllFields" finished-at="2023-01-28T11:13:25 IST" duration-ms="922" status="PASS">
          <reporter-output>
          </reporter-output>
        </test-method> <!-- verifyRegisteringAccountByProvidingAllFields -->
        <test-method is-config="true" signature="tearDown()[pri:0, instance:com.amitlearning.testcases.T2_RegisterTest@3bb9a3ff]" started-at="2023-01-28T11:13:25 IST" name="tearDown" finished-at="2023-01-28T11:13:26 IST" duration-ms="121" status="PASS">
          <reporter-output>
          </reporter-output>
        </test-method> <!-- tearDown -->
        <test-method is-config="true" signature="setup()[pri:0, instance:com.amitlearning.testcases.T2_RegisterTest@3bb9a3ff]" started-at="2023-01-28T11:13:26 IST" name="setup" finished-at="2023-01-28T11:13:31 IST" duration-ms="5866" status="PASS">
          <reporter-output>
          </reporter-output>
        </test-method> <!-- setup -->
        <test-method signature="verifyRegisteringAccountByProvidingExistingEmailAddress()[pri:3, instance:com.amitlearning.testcases.T2_RegisterTest@3bb9a3ff]" started-at="2023-01-28T11:13:31 IST" name="verifyRegisteringAccountByProvidingExistingEmailAddress" finished-at="2023-01-28T11:13:32 IST" duration-ms="880" status="PASS">
          <reporter-output>
          </reporter-output>
        </test-method> <!-- verifyRegisteringAccountByProvidingExistingEmailAddress -->
        <test-method is-config="true" signature="tearDown()[pri:0, instance:com.amitlearning.testcases.T2_RegisterTest@3bb9a3ff]" started-at="2023-01-28T11:13:32 IST" name="tearDown" finished-at="2023-01-28T11:13:33 IST" duration-ms="177" status="PASS">
          <reporter-output>
          </reporter-output>
        </test-method> <!-- tearDown -->
        <test-method is-config="true" signature="setup()[pri:0, instance:com.amitlearning.testcases.T2_RegisterTest@3bb9a3ff]" started-at="2023-01-28T11:13:33 IST" name="setup" finished-at="2023-01-28T11:13:38 IST" duration-ms="5597" status="PASS">
          <reporter-output>
          </reporter-output>
        </test-method> <!-- setup -->
        <test-method signature="verifyRegisteringAccountWithoutFillingAnyDetails()[pri:4, instance:com.amitlearning.testcases.T2_RegisterTest@3bb9a3ff]" started-at="2023-01-28T11:13:38 IST" name="verifyRegisteringAccountWithoutFillingAnyDetails" finished-at="2023-01-28T11:13:39 IST" duration-ms="400" status="PASS">
          <reporter-output>
          </reporter-output>
        </test-method> <!-- verifyRegisteringAccountWithoutFillingAnyDetails -->
        <test-method is-config="true" signature="tearDown()[pri:0, instance:com.amitlearning.testcases.T2_RegisterTest@3bb9a3ff]" started-at="2023-01-28T11:13:39 IST" name="tearDown" finished-at="2023-01-28T11:13:39 IST" duration-ms="115" status="PASS">
          <reporter-output>
          </reporter-output>
        </test-method> <!-- tearDown -->
      </class> <!-- com.amitlearning.testcases.T2_RegisterTest -->
      <class name="com.amitlearning.testcases.T3_SearchTest">
        <test-method is-config="true" signature="setup()[pri:0, instance:com.amitlearning.testcases.T3_SearchTest@35cabb2a]" started-at="2023-01-28T11:14:31 IST" name="setup" finished-at="2023-01-28T11:14:37 IST" duration-ms="5789" status="PASS">
          <reporter-output>
          </reporter-output>
        </test-method> <!-- setup -->
        <test-method signature="verifySearchWithValidProduct()[pri:1, instance:com.amitlearning.testcases.T3_SearchTest@35cabb2a]" started-at="2023-01-28T11:14:37 IST" name="verifySearchWithValidProduct" finished-at="2023-01-28T11:14:37 IST" duration-ms="371" status="PASS">
          <reporter-output>
          </reporter-output>
        </test-method> <!-- verifySearchWithValidProduct -->
        <test-method is-config="true" signature="tearDown()[pri:0, instance:com.amitlearning.testcases.T3_SearchTest@35cabb2a]" started-at="2023-01-28T11:14:37 IST" name="tearDown" finished-at="2023-01-28T11:14:37 IST" duration-ms="142" status="PASS">
          <reporter-output>
          </reporter-output>
        </test-method> <!-- tearDown -->
        <test-method is-config="true" signature="setup()[pri:0, instance:com.amitlearning.testcases.T3_SearchTest@35cabb2a]" started-at="2023-01-28T11:14:37 IST" name="setup" finished-at="2023-01-28T11:14:43 IST" duration-ms="5363" status="PASS">
          <reporter-output>
          </reporter-output>
        </test-method> <!-- setup -->
        <test-method signature="verifySearchWithInValidProduct()[pri:2, instance:com.amitlearning.testcases.T3_SearchTest@35cabb2a]" started-at="2023-01-28T11:14:43 IST" name="verifySearchWithInValidProduct" finished-at="2023-01-28T11:14:43 IST" duration-ms="380" status="FAIL">
          <exception class="java.lang.AssertionError">
            <message>
              <![CDATA[Unexpected product display expected [abcd] but found [There is no product that matches the search criteria.]]]>
            </message>
            <full-stacktrace>
              <![CDATA[java.lang.AssertionError: Unexpected product display expected [abcd] but found [There is no product that matches the search criteria.]
at org.testng.Assert.fail(Assert.java:110)
at org.testng.Assert.failNotEquals(Assert.java:1577)
at org.testng.Assert.assertEqualsImpl(Assert.java:149)
at org.testng.Assert.assertEquals(Assert.java:131)
at org.testng.Assert.assertEquals(Assert.java:655)
at com.amitlearning.testcases.T3_SearchTest.verifySearchWithInValidProduct(T3_SearchTest.java:49)
at java.base/jdk.internal.reflect.NativeMethodAccessorImpl.invoke0(Native Method)
at java.base/jdk.internal.reflect.NativeMethodAccessorImpl.invoke(NativeMethodAccessorImpl.java:77)
at java.base/jdk.internal.reflect.DelegatingMethodAccessorImpl.invoke(DelegatingMethodAccessorImpl.java:43)
at java.base/java.lang.reflect.Method.invoke(Method.java:568)
at org.testng.internal.invokers.MethodInvocationHelper.invokeMethod(MethodInvocationHelper.java:139)
at org.testng.internal.invokers.TestInvoker.invokeMethod(TestInvoker.java:677)
at org.testng.internal.invokers.TestInvoker.invokeTestMethod(TestInvoker.java:221)
at org.testng.internal.invokers.MethodRunner.runInSequence(MethodRunner.java:50)
at org.testng.internal.invokers.TestInvoker$MethodInvocationAgent.invoke(TestInvoker.java:969)
at org.testng.internal.invokers.TestInvoker.invokeTestMethods(TestInvoker.java:194)
at org.testng.internal.invokers.TestMethodWorker.invokeTestMethods(TestMethodWorker.java:148)
at org.testng.internal.invokers.TestMethodWorker.run(TestMethodWorker.java:128)
at java.base/java.util.ArrayList.forEach(ArrayList.java:1511)
at org.testng.TestRunner.privateRun(TestRunner.java:829)
at org.testng.TestRunner.run(TestRunner.java:602)
at org.testng.SuiteRunner.runTest(SuiteRunner.java:437)
at org.testng.SuiteRunner.runSequentially(SuiteRunner.java:431)
at org.testng.SuiteRunner.privateRun(SuiteRunner.java:391)
at org.testng.SuiteRunner.run(SuiteRunner.java:330)
at org.testng.SuiteRunnerWorker.runSuite(SuiteRunnerWorker.java:52)
at org.testng.SuiteRunnerWorker.run(SuiteRunnerWorker.java:95)
at org.testng.TestNG.runSuitesSequentially(TestNG.java:1256)
at org.testng.TestNG.runSuitesLocally(TestNG.java:1176)
at org.testng.TestNG.runSuites(TestNG.java:1099)
at org.testng.TestNG.run(TestNG.java:1067)
at org.apache.maven.surefire.testng.TestNGExecutor.run(TestNGExecutor.java:324)
at org.apache.maven.surefire.testng.TestNGXmlTestSuite.execute(TestNGXmlTestSuite.java:74)
at org.apache.maven.surefire.testng.TestNGProvider.invoke(TestNGProvider.java:123)
at org.apache.maven.surefire.booter.ForkedBooter.runSuitesInProcess(ForkedBooter.java:456)
at org.apache.maven.surefire.booter.ForkedBooter.execute(ForkedBooter.java:169)
at org.apache.maven.surefire.booter.ForkedBooter.run(ForkedBooter.java:595)
at org.apache.maven.surefire.booter.ForkedBooter.main(ForkedBooter.java:581)
]]>
            </full-stacktrace>
          </exception> <!-- java.lang.AssertionError -->
          <reporter-output>
          </reporter-output>
        </test-method> <!-- verifySearchWithInValidProduct -->
        <test-method is-config="true" signature="tearDown()[pri:0, instance:com.amitlearning.testcases.T3_SearchTest@35cabb2a]" started-at="2023-01-28T11:14:43 IST" name="tearDown" finished-at="2023-01-28T11:14:44 IST" duration-ms="173" status="PASS">
          <reporter-output>
          </reporter-output>
        </test-method> <!-- tearDown -->
        <test-method signature="verifySearchWithoutAnyProduct()[pri:3, instance:com.amitlearning.testcases.T3_SearchTest@35cabb2a]" started-at="2023-01-28T11:14:44 IST" name="verifySearchWithoutAnyProduct" finished-at="2023-01-28T11:14:44 IST" depends-on-methods="com.amitlearning.testcases.T3_SearchTest.verifySearchWithValidProduct, com.amitlearning.testcases.T3_SearchTest.verifySearchWithInValidProduct" duration-ms="0" status="SKIP">
          <exception class="java.lang.Throwable">
            <message>
              <![CDATA[Method com.amitlearning.testcases.T3_SearchTest.verifySearchWithoutAnyProduct() on instance com.amitlearning.testcases.T3_SearchTest@35cabb2a depends on not successfully finished methods 
[com.amitlearning.testcases.T3_SearchTest.verifySearchWithValidProduct() on instance com.amitlearning.testcases.T3_SearchTest@35cabb2a
com.amitlearning.testcases.T3_SearchTest.verifySearchWithInValidProduct() on instance com.amitlearning.testcases.T3_SearchTest@35cabb2a]]]>
            </message>
            <full-stacktrace>
              <![CDATA[java.lang.Throwable: Method com.amitlearning.testcases.T3_SearchTest.verifySearchWithoutAnyProduct() on instance com.amitlearning.testcases.T3_SearchTest@35cabb2a depends on not successfully finished methods 
[com.amitlearning.testcases.T3_SearchTest.verifySearchWithValidProduct() on instance com.amitlearning.testcases.T3_SearchTest@35cabb2a
com.amitlearning.testcases.T3_SearchTest.verifySearchWithInValidProduct() on instance com.amitlearning.testcases.T3_SearchTest@35cabb2a]
at org.testng.internal.invokers.TestInvoker.invokeTestMethods(TestInvoker.java:150)
at org.testng.internal.invokers.TestMethodWorker.invokeTestMethods(TestMethodWorker.java:148)
at org.testng.internal.invokers.TestMethodWorker.run(TestMethodWorker.java:128)
at java.base/java.util.ArrayList.forEach(ArrayList.java:1511)
at org.testng.TestRunner.privateRun(TestRunner.java:829)
at org.testng.TestRunner.run(TestRunner.java:602)
at org.testng.SuiteRunner.runTest(SuiteRunner.java:437)
at org.testng.SuiteRunner.runSequentially(SuiteRunner.java:431)
at org.testng.SuiteRunner.privateRun(SuiteRunner.java:391)
at org.testng.SuiteRunner.run(SuiteRunner.java:330)
at org.testng.SuiteRunnerWorker.runSuite(SuiteRunnerWorker.java:52)
at org.testng.SuiteRunnerWorker.run(SuiteRunnerWorker.java:95)
at org.testng.TestNG.runSuitesSequentially(TestNG.java:1256)
at org.testng.TestNG.runSuitesLocally(TestNG.java:1176)
at org.testng.TestNG.runSuites(TestNG.java:1099)
at org.testng.TestNG.run(TestNG.java:1067)
at org.apache.maven.surefire.testng.TestNGExecutor.run(TestNGExecutor.java:324)
at org.apache.maven.surefire.testng.TestNGXmlTestSuite.execute(TestNGXmlTestSuite.java:74)
at org.apache.maven.surefire.testng.TestNGProvider.invoke(TestNGProvider.java:123)
at org.apache.maven.surefire.booter.ForkedBooter.runSuitesInProcess(ForkedBooter.java:456)
at org.apache.maven.surefire.booter.ForkedBooter.execute(ForkedBooter.java:169)
at org.apache.maven.surefire.booter.ForkedBooter.run(ForkedBooter.java:595)
at org.apache.maven.surefire.booter.ForkedBooter.main(ForkedBooter.java:581)
]]>
            </full-stacktrace>
          </exception> <!-- java.lang.Throwable -->
          <reporter-output>
          </reporter-output>
        </test-method> <!-- verifySearchWithoutAnyProduct -->
        <test-method is-config="true" signature="setup()[pri:0, instance:com.amitlearning.testcases.T3_SearchTest@35cabb2a]" started-at="2023-01-28T11:14:44 IST" name="setup" finished-at="2023-01-28T11:14:49 IST" duration-ms="5593" status="PASS">
          <reporter-output>
          </reporter-output>
        </test-method> <!-- setup -->
        <test-method signature="verifySearchWithValidProductOnLogin()[pri:4, instance:com.amitlearning.testcases.T3_SearchTest@35cabb2a]" started-at="2023-01-28T11:14:49 IST" name="verifySearchWithValidProductOnLogin" finished-at="2023-01-28T11:14:50 IST" duration-ms="1168" status="PASS">
          <reporter-output>
          </reporter-output>
        </test-method> <!-- verifySearchWithValidProductOnLogin -->
        <test-method is-config="true" signature="tearDown()[pri:0, instance:com.amitlearning.testcases.T3_SearchTest@35cabb2a]" started-at="2023-01-28T11:14:50 IST" name="tearDown" finished-at="2023-01-28T11:14:51 IST" duration-ms="186" status="PASS">
          <reporter-output>
          </reporter-output>
        </test-method> <!-- tearDown -->
      </class> <!-- com.amitlearning.testcases.T3_SearchTest -->
      <class name="com.amitlearning.testcases.T1_LoginTestDataFromExcelTest">
        <test-method is-config="true" signature="setup()[pri:0, instance:com.amitlearning.testcases.T1_LoginTestDataFromExcelTest@478190fc]" started-at="2023-01-28T11:13:39 IST" name="setup" finished-at="2023-01-28T11:13:45 IST" duration-ms="5441" status="PASS">
          <reporter-output>
          </reporter-output>
        </test-method> <!-- setup -->
        <test-method signature="verifyLoginWithValidCredentials(java.lang.String,java.lang.String)[pri:1, instance:com.amitlearning.testcases.T1_LoginTestDataFromExcelTest@478190fc]" started-at="2023-01-28T11:13:45 IST" name="verifyLoginWithValidCredentials" data-provider="validCredentialsSupplier" finished-at="2023-01-28T11:13:45 IST" duration-ms="582" status="PASS">
          <params>
            <param index="0">
              <value>
                <![CDATA[amotooricap9@gmail.com]]>
              </value>
            </param>
            <param index="1">
              <value>
                <![CDATA[12345]]>
              </value>
            </param>
          </params>
          <reporter-output>
          </reporter-output>
        </test-method> <!-- verifyLoginWithValidCredentials -->
        <test-method is-config="true" signature="tearDown()[pri:0, instance:com.amitlearning.testcases.T1_LoginTestDataFromExcelTest@478190fc]" started-at="2023-01-28T11:13:45 IST" name="tearDown" finished-at="2023-01-28T11:13:46 IST" duration-ms="174" status="PASS">
          <reporter-output>
          </reporter-output>
        </test-method> <!-- tearDown -->
        <test-method is-config="true" signature="setup()[pri:0, instance:com.amitlearning.testcases.T1_LoginTestDataFromExcelTest@478190fc]" started-at="2023-01-28T11:13:46 IST" name="setup" finished-at="2023-01-28T11:13:51 IST" duration-ms="5671" status="PASS">
          <reporter-output>
          </reporter-output>
        </test-method> <!-- setup -->
        <test-method signature="verifyLoginWithValidCredentials(java.lang.String,java.lang.String)[pri:1, instance:com.amitlearning.testcases.T1_LoginTestDataFromExcelTest@478190fc]" started-at="2023-01-28T11:13:51 IST" name="verifyLoginWithValidCredentials" data-provider="validCredentialsSupplier" finished-at="2023-01-28T11:13:52 IST" duration-ms="519" status="PASS">
          <params>
            <param index="0">
              <value>
                <![CDATA[aks07@gmail.com]]>
              </value>
            </param>
            <param index="1">
              <value>
                <![CDATA[12345]]>
              </value>
            </param>
          </params>
          <reporter-output>
          </reporter-output>
        </test-method> <!-- verifyLoginWithValidCredentials -->
        <test-method is-config="true" signature="tearDown()[pri:0, instance:com.amitlearning.testcases.T1_LoginTestDataFromExcelTest@478190fc]" started-at="2023-01-28T11:13:52 IST" name="tearDown" finished-at="2023-01-28T11:13:52 IST" duration-ms="143" status="PASS">
          <reporter-output>
          </reporter-output>
        </test-method> <!-- tearDown -->
        <test-method is-config="true" signature="setup()[pri:0, instance:com.amitlearning.testcases.T1_LoginTestDataFromExcelTest@478190fc]" started-at="2023-01-28T11:13:52 IST" name="setup" finished-at="2023-01-28T11:13:58 IST" duration-ms="5977" status="PASS">
          <reporter-output>
          </reporter-output>
        </test-method> <!-- setup -->
        <test-method signature="verifyLoginWithValidCredentials(java.lang.String,java.lang.String)[pri:1, instance:com.amitlearning.testcases.T1_LoginTestDataFromExcelTest@478190fc]" started-at="2023-01-28T11:13:58 IST" name="verifyLoginWithValidCredentials" data-provider="validCredentialsSupplier" finished-at="2023-01-28T11:13:58 IST" duration-ms="567" status="PASS">
          <params>
            <param index="0">
              <value>
                <![CDATA[aks007@gmail.com]]>
              </value>
            </param>
            <param index="1">
              <value>
                <![CDATA[12345]]>
              </value>
            </param>
          </params>
          <reporter-output>
          </reporter-output>
        </test-method> <!-- verifyLoginWithValidCredentials -->
        <test-method is-config="true" signature="tearDown()[pri:0, instance:com.amitlearning.testcases.T1_LoginTestDataFromExcelTest@478190fc]" started-at="2023-01-28T11:13:58 IST" name="tearDown" finished-at="2023-01-28T11:13:59 IST" duration-ms="127" status="PASS">
          <reporter-output>
          </reporter-output>
        </test-method> <!-- tearDown -->
        <test-method is-config="true" signature="setup()[pri:0, instance:com.amitlearning.testcases.T1_LoginTestDataFromExcelTest@478190fc]" started-at="2023-01-28T11:13:59 IST" name="setup" finished-at="2023-01-28T11:14:05 IST" duration-ms="5933" status="PASS">
          <reporter-output>
          </reporter-output>
        </test-method> <!-- setup -->
        <test-method signature="verifyLoginWithValidCredentials(java.lang.String,java.lang.String)[pri:1, instance:com.amitlearning.testcases.T1_LoginTestDataFromExcelTest@478190fc]" started-at="2023-01-28T11:14:05 IST" name="verifyLoginWithValidCredentials" data-provider="validCredentialsSupplier" finished-at="2023-01-28T11:14:05 IST" duration-ms="510" status="PASS">
          <params>
            <param index="0">
              <value>
                <![CDATA[aks0007@gmail.com]]>
              </value>
            </param>
            <param index="1">
              <value>
                <![CDATA[12345]]>
              </value>
            </param>
          </params>
          <reporter-output>
          </reporter-output>
        </test-method> <!-- verifyLoginWithValidCredentials -->
        <test-method is-config="true" signature="tearDown()[pri:0, instance:com.amitlearning.testcases.T1_LoginTestDataFromExcelTest@478190fc]" started-at="2023-01-28T11:14:05 IST" name="tearDown" finished-at="2023-01-28T11:14:05 IST" duration-ms="179" status="PASS">
          <reporter-output>
          </reporter-output>
        </test-method> <!-- tearDown -->
        <test-method is-config="true" signature="setup()[pri:0, instance:com.amitlearning.testcases.T1_LoginTestDataFromExcelTest@478190fc]" started-at="2023-01-28T11:14:05 IST" name="setup" finished-at="2023-01-28T11:14:11 IST" duration-ms="5733" status="PASS">
          <reporter-output>
          </reporter-output>
        </test-method> <!-- setup -->
        <test-method signature="verifyLoginWithInValidCredentials()[pri:2, instance:com.amitlearning.testcases.T1_LoginTestDataFromExcelTest@478190fc]" started-at="2023-01-28T11:14:11 IST" name="verifyLoginWithInValidCredentials" finished-at="2023-01-28T11:14:11 IST" duration-ms="514" status="PASS">
          <reporter-output>
          </reporter-output>
        </test-method> <!-- verifyLoginWithInValidCredentials -->
        <test-method is-config="true" signature="tearDown()[pri:0, instance:com.amitlearning.testcases.T1_LoginTestDataFromExcelTest@478190fc]" started-at="2023-01-28T11:14:11 IST" name="tearDown" finished-at="2023-01-28T11:14:12 IST" duration-ms="189" status="PASS">
          <reporter-output>
          </reporter-output>
        </test-method> <!-- tearDown -->
        <test-method is-config="true" signature="setup()[pri:0, instance:com.amitlearning.testcases.T1_LoginTestDataFromExcelTest@478190fc]" started-at="2023-01-28T11:14:12 IST" name="setup" finished-at="2023-01-28T11:14:18 IST" duration-ms="6065" status="PASS">
          <reporter-output>
          </reporter-output>
        </test-method> <!-- setup -->
        <test-method signature="verifyLoginWithInValidEmailAndValidPassword()[pri:3, instance:com.amitlearning.testcases.T1_LoginTestDataFromExcelTest@478190fc]" started-at="2023-01-28T11:14:18 IST" name="verifyLoginWithInValidEmailAndValidPassword" finished-at="2023-01-28T11:14:18 IST" duration-ms="506" status="PASS">
          <reporter-output>
          </reporter-output>
        </test-method> <!-- verifyLoginWithInValidEmailAndValidPassword -->
        <test-method is-config="true" signature="tearDown()[pri:0, instance:com.amitlearning.testcases.T1_LoginTestDataFromExcelTest@478190fc]" started-at="2023-01-28T11:14:18 IST" name="tearDown" finished-at="2023-01-28T11:14:18 IST" duration-ms="179" status="PASS">
          <reporter-output>
          </reporter-output>
        </test-method> <!-- tearDown -->
        <test-method is-config="true" signature="setup()[pri:0, instance:com.amitlearning.testcases.T1_LoginTestDataFromExcelTest@478190fc]" started-at="2023-01-28T11:14:18 IST" name="setup" finished-at="2023-01-28T11:14:24 IST" duration-ms="6074" status="PASS">
          <reporter-output>
          </reporter-output>
        </test-method> <!-- setup -->
        <test-method signature="verifyLoginWithValidEmailAndInValidPassword()[pri:4, instance:com.amitlearning.testcases.T1_LoginTestDataFromExcelTest@478190fc]" started-at="2023-01-28T11:14:24 IST" name="verifyLoginWithValidEmailAndInValidPassword" finished-at="2023-01-28T11:14:25 IST" duration-ms="486" status="PASS">
          <reporter-output>
          </reporter-output>
        </test-method> <!-- verifyLoginWithValidEmailAndInValidPassword -->
        <test-method is-config="true" signature="tearDown()[pri:0, instance:com.amitlearning.testcases.T1_LoginTestDataFromExcelTest@478190fc]" started-at="2023-01-28T11:14:25 IST" name="tearDown" finished-at="2023-01-28T11:14:25 IST" duration-ms="207" status="PASS">
          <reporter-output>
          </reporter-output>
        </test-method> <!-- tearDown -->
        <test-method is-config="true" signature="setup()[pri:0, instance:com.amitlearning.testcases.T1_LoginTestDataFromExcelTest@478190fc]" started-at="2023-01-28T11:14:25 IST" name="setup" finished-at="2023-01-28T11:14:31 IST" duration-ms="5539" status="PASS">
          <reporter-output>
          </reporter-output>
        </test-method> <!-- setup -->
        <test-method signature="verifyLoginWithoutProvidingCredentials()[pri:5, instance:com.amitlearning.testcases.T1_LoginTestDataFromExcelTest@478190fc]" started-at="2023-01-28T11:14:31 IST" name="verifyLoginWithoutProvidingCredentials" finished-at="2023-01-28T11:14:31 IST" duration-ms="311" status="PASS">
          <reporter-output>
          </reporter-output>
        </test-method> <!-- verifyLoginWithoutProvidingCredentials -->
        <test-method is-config="true" signature="tearDown()[pri:0, instance:com.amitlearning.testcases.T1_LoginTestDataFromExcelTest@478190fc]" started-at="2023-01-28T11:14:31 IST" name="tearDown" finished-at="2023-01-28T11:14:31 IST" duration-ms="188" status="PASS">
          <reporter-output>
          </reporter-output>
        </test-method> <!-- tearDown -->
      </class> <!-- com.amitlearning.testcases.T1_LoginTestDataFromExcelTest -->
    </test> <!-- Regression TestCases -->
  </suite> <!-- Application Automation Suite -->
</testng-results>
